The system is: Linux - 4.19.69-1-MANJARO - x86_64
Compiling the C compiler identification source file "CMakeCCompilerId.c" succeeded.
Compiler: /bin/clang-8 
Build flags: 
Id flags:  

The output was:
0


Compilation of the C compiler identification source "CMakeCCompilerId.c" produced "a.out"

The C compiler identification is Clang, found in "/home/randy/Downloads/GameFromScra(p)tch/src/build/CMakeFiles/3.15.2/CompilerIdC/a.out"

Compiling the CXX compiler identification source file "CMakeCXXCompilerId.cpp" succeeded.
Compiler: /bin/c++ 
Build flags: 
Id flags:  

The output was:
0


Compilation of the CXX compiler identification source "CMakeCXXCompilerId.cpp" produced "a.out"

The CXX compiler identification is GNU, found in "/home/randy/Downloads/GameFromScra(p)tch/src/build/CMakeFiles/3.15.2/CompilerIdCXX/a.out"

Determining if the C compiler works passed with the following output:
Change Dir: /home/randy/Downloads/GameFromScra(p)tch/src/build/CMakeFiles/CMakeTmp

Run Build Command(s):/usr/bin/ninja cmTC_d3244 && [1/2] Building C object CMakeFiles/cmTC_d3244.dir/testCCompiler.c.o
[2/2] Linking C executable cmTC_d3244



Detecting C compiler ABI info compiled with the following output:
Change Dir: /home/randy/Downloads/GameFromScra(p)tch/src/build/CMakeFiles/CMakeTmp

Run Build Command(s):/usr/bin/ninja cmTC_9952b && [1/2] Building C object CMakeFiles/cmTC_9952b.dir/CMakeCCompilerABI.c.o
clang version 8.0.1 (tags/RELEASE_801/final)
Target: x86_64-pc-linux-gnu
Thread model: posix
InstalledDir: /bin
Found candidate GCC installation: /bin/../lib/gcc/x86_64-pc-linux-gnu/6.5.0
Found candidate GCC installation: /bin/../lib/gcc/x86_64-pc-linux-gnu/9.1.0
Found candidate GCC installation: /bin/../lib64/gcc/x86_64-pc-linux-gnu/6.5.0
Found candidate GCC installation: /bin/../lib64/gcc/x86_64-pc-linux-gnu/9.1.0
Found candidate GCC installation: /usr/lib/gcc/x86_64-pc-linux-gnu/6.5.0
Found candidate GCC installation: /usr/lib/gcc/x86_64-pc-linux-gnu/9.1.0
Found candidate GCC installation: /usr/lib64/gcc/x86_64-pc-linux-gnu/6.5.0
Found candidate GCC installation: /usr/lib64/gcc/x86_64-pc-linux-gnu/9.1.0
Selected GCC installation: /bin/../lib64/gcc/x86_64-pc-linux-gnu/9.1.0
Candidate multilib: .;@m64
Candidate multilib: 32;@m32
Selected multilib: .;@m64
 "/usr/bin/clang-8" -cc1 -triple x86_64-pc-linux-gnu -emit-obj -mrelax-all -disable-free -disable-llvm-verifier -discard-value-names -main-file-name CMakeCCompilerABI.c -mrelocation-model pic -pic-level 2 -pic-is-pie -mthread-model posix -mdisable-fp-elim -fmath-errno -masm-verbose -mconstructor-aliases -munwind-tables -fuse-init-array -target-cpu x86-64 -dwarf-column-info -debugger-tuning=gdb -v -coverage-notes-file /home/randy/Downloads/GameFromScra(p)tch/src/build/CMakeFiles/CMakeTmp/CMakeFiles/cmTC_9952b.dir/CMakeCCompilerABI.c.gcno -resource-dir /usr/lib/clang/8.0.1 -internal-isystem /usr/local/include -internal-isystem /usr/lib/clang/8.0.1/include -internal-externc-isystem /include -internal-externc-isystem /usr/include -fdebug-compilation-dir /home/randy/Downloads/GameFromScra(p)tch/src/build/CMakeFiles/CMakeTmp -ferror-limit 19 -fmessage-length 0 -stack-protector 2 -fobjc-runtime=gcc -fdiagnostics-show-option -o CMakeFiles/cmTC_9952b.dir/CMakeCCompilerABI.c.o -x c /usr/share/cmake-3.15/Modules/CMakeCCompilerABI.c -faddrsig
clang -cc1 version 8.0.1 based upon LLVM 8.0.1 default target x86_64-pc-linux-gnu
ignoring nonexistent directory "/include"
#include "..." search starts here:
#include <...> search starts here:
 /usr/local/include
 /usr/lib/clang/8.0.1/include
 /usr/include
End of search list.
[2/2] Linking C executable cmTC_9952b
clang version 8.0.1 (tags/RELEASE_801/final)
Target: x86_64-pc-linux-gnu
Thread model: posix
InstalledDir: /bin
Found candidate GCC installation: /bin/../lib/gcc/x86_64-pc-linux-gnu/6.5.0
Found candidate GCC installation: /bin/../lib/gcc/x86_64-pc-linux-gnu/9.1.0
Found candidate GCC installation: /bin/../lib64/gcc/x86_64-pc-linux-gnu/6.5.0
Found candidate GCC installation: /bin/../lib64/gcc/x86_64-pc-linux-gnu/9.1.0
Found candidate GCC installation: /usr/lib/gcc/x86_64-pc-linux-gnu/6.5.0
Found candidate GCC installation: /usr/lib/gcc/x86_64-pc-linux-gnu/9.1.0
Found candidate GCC installation: /usr/lib64/gcc/x86_64-pc-linux-gnu/6.5.0
Found candidate GCC installation: /usr/lib64/gcc/x86_64-pc-linux-gnu/9.1.0
Selected GCC installation: /bin/../lib64/gcc/x86_64-pc-linux-gnu/9.1.0
Candidate multilib: .;@m64
Candidate multilib: 32;@m32
Selected multilib: .;@m64
 "/bin/ld" -pie --eh-frame-hdr -m elf_x86_64 -dynamic-linker /lib64/ld-linux-x86-64.so.2 -o cmTC_9952b /bin/../lib64/gcc/x86_64-pc-linux-gnu/9.1.0/../../../../lib64/Scrt1.o /bin/../lib64/gcc/x86_64-pc-linux-gnu/9.1.0/../../../../lib64/crti.o /bin/../lib64/gcc/x86_64-pc-linux-gnu/9.1.0/crtbeginS.o -L/bin/../lib64/gcc/x86_64-pc-linux-gnu/9.1.0 -L/bin/../lib64/gcc/x86_64-pc-linux-gnu/9.1.0/../../../../lib64 -L/usr/bin/../lib64 -L/lib/../lib64 -L/usr/lib/../lib64 -L/bin/../lib64/gcc/x86_64-pc-linux-gnu/9.1.0/../../.. -L/usr/bin/../lib -L/lib -L/usr/lib CMakeFiles/cmTC_9952b.dir/CMakeCCompilerABI.c.o -lgcc --as-needed -lgcc_s --no-as-needed -lc -lgcc --as-needed -lgcc_s --no-as-needed /bin/../lib64/gcc/x86_64-pc-linux-gnu/9.1.0/crtendS.o /bin/../lib64/gcc/x86_64-pc-linux-gnu/9.1.0/../../../../lib64/crtn.o



Parsed C implicit include dir info from above output: rv=done
  found start of include info
  found start of implicit include info
    add: [/usr/local/include]
    add: [/usr/lib/clang/8.0.1/include]
    add: [/usr/include]
  end of search list found
  collapse include dir [/usr/local/include] ==> [/usr/local/include]
  collapse include dir [/usr/lib/clang/8.0.1/include] ==> [/usr/lib/clang/8.0.1/include]
  collapse include dir [/usr/include] ==> [/usr/include]
  implicit include dirs: [/usr/local/include;/usr/lib/clang/8.0.1/include;/usr/include]


Parsed C implicit link information from above output:
  link line regex: [^( *|.*[/\])(ld|CMAKE_LINK_STARTFILE-NOTFOUND|([^/\]+-)?ld|collect2)[^/\]*( |$)]
  ignore line: [Change Dir: /home/randy/Downloads/GameFromScra(p)tch/src/build/CMakeFiles/CMakeTmp]
  ignore line: []
  ignore line: [Run Build Command(s):/usr/bin/ninja cmTC_9952b && [1/2] Building C object CMakeFiles/cmTC_9952b.dir/CMakeCCompilerABI.c.o]
  ignore line: [clang version 8.0.1 (tags/RELEASE_801/final)]
  ignore line: [Target: x86_64-pc-linux-gnu]
  ignore line: [Thread model: posix]
  ignore line: [InstalledDir: /bin]
  ignore line: [Found candidate GCC installation: /bin/../lib/gcc/x86_64-pc-linux-gnu/6.5.0]
  ignore line: [Found candidate GCC installation: /bin/../lib/gcc/x86_64-pc-linux-gnu/9.1.0]
  ignore line: [Found candidate GCC installation: /bin/../lib64/gcc/x86_64-pc-linux-gnu/6.5.0]
  ignore line: [Found candidate GCC installation: /bin/../lib64/gcc/x86_64-pc-linux-gnu/9.1.0]
  ignore line: [Found candidate GCC installation: /usr/lib/gcc/x86_64-pc-linux-gnu/6.5.0]
  ignore line: [Found candidate GCC installation: /usr/lib/gcc/x86_64-pc-linux-gnu/9.1.0]
  ignore line: [Found candidate GCC installation: /usr/lib64/gcc/x86_64-pc-linux-gnu/6.5.0]
  ignore line: [Found candidate GCC installation: /usr/lib64/gcc/x86_64-pc-linux-gnu/9.1.0]
  ignore line: [Selected GCC installation: /bin/../lib64/gcc/x86_64-pc-linux-gnu/9.1.0]
  ignore line: [Candidate multilib: .]
  ignore line: [@m64]
  ignore line: [Candidate multilib: 32]
  ignore line: [@m32]
  ignore line: [Selected multilib: .]
  ignore line: [@m64]
  ignore line: [ "/usr/bin/clang-8" -cc1 -triple x86_64-pc-linux-gnu -emit-obj -mrelax-all -disable-free -disable-llvm-verifier -discard-value-names -main-file-name CMakeCCompilerABI.c -mrelocation-model pic -pic-level 2 -pic-is-pie -mthread-model posix -mdisable-fp-elim -fmath-errno -masm-verbose -mconstructor-aliases -munwind-tables -fuse-init-array -target-cpu x86-64 -dwarf-column-info -debugger-tuning=gdb -v -coverage-notes-file /home/randy/Downloads/GameFromScra(p)tch/src/build/CMakeFiles/CMakeTmp/CMakeFiles/cmTC_9952b.dir/CMakeCCompilerABI.c.gcno -resource-dir /usr/lib/clang/8.0.1 -internal-isystem /usr/local/include -internal-isystem /usr/lib/clang/8.0.1/include -internal-externc-isystem /include -internal-externc-isystem /usr/include -fdebug-compilation-dir /home/randy/Downloads/GameFromScra(p)tch/src/build/CMakeFiles/CMakeTmp -ferror-limit 19 -fmessage-length 0 -stack-protector 2 -fobjc-runtime=gcc -fdiagnostics-show-option -o CMakeFiles/cmTC_9952b.dir/CMakeCCompilerABI.c.o -x c /usr/share/cmake-3.15/Modules/CMakeCCompilerABI.c -faddrsig]
  ignore line: [clang -cc1 version 8.0.1 based upon LLVM 8.0.1 default target x86_64-pc-linux-gnu]
  ignore line: [ignoring nonexistent directory "/include"]
  ignore line: [#include "..." search starts here:]
  ignore line: [#include <...> search starts here:]
  ignore line: [ /usr/local/include]
  ignore line: [ /usr/lib/clang/8.0.1/include]
  ignore line: [ /usr/include]
  ignore line: [End of search list.]
  ignore line: [[2/2] Linking C executable cmTC_9952b]
  ignore line: [clang version 8.0.1 (tags/RELEASE_801/final)]
  ignore line: [Target: x86_64-pc-linux-gnu]
  ignore line: [Thread model: posix]
  ignore line: [InstalledDir: /bin]
  ignore line: [Found candidate GCC installation: /bin/../lib/gcc/x86_64-pc-linux-gnu/6.5.0]
  ignore line: [Found candidate GCC installation: /bin/../lib/gcc/x86_64-pc-linux-gnu/9.1.0]
  ignore line: [Found candidate GCC installation: /bin/../lib64/gcc/x86_64-pc-linux-gnu/6.5.0]
  ignore line: [Found candidate GCC installation: /bin/../lib64/gcc/x86_64-pc-linux-gnu/9.1.0]
  ignore line: [Found candidate GCC installation: /usr/lib/gcc/x86_64-pc-linux-gnu/6.5.0]
  ignore line: [Found candidate GCC installation: /usr/lib/gcc/x86_64-pc-linux-gnu/9.1.0]
  ignore line: [Found candidate GCC installation: /usr/lib64/gcc/x86_64-pc-linux-gnu/6.5.0]
  ignore line: [Found candidate GCC installation: /usr/lib64/gcc/x86_64-pc-linux-gnu/9.1.0]
  ignore line: [Selected GCC installation: /bin/../lib64/gcc/x86_64-pc-linux-gnu/9.1.0]
  ignore line: [Candidate multilib: .]
  ignore line: [@m64]
  ignore line: [Candidate multilib: 32]
  ignore line: [@m32]
  ignore line: [Selected multilib: .]
  ignore line: [@m64]
  link line: [ "/bin/ld" -pie --eh-frame-hdr -m elf_x86_64 -dynamic-linker /lib64/ld-linux-x86-64.so.2 -o cmTC_9952b /bin/../lib64/gcc/x86_64-pc-linux-gnu/9.1.0/../../../../lib64/Scrt1.o /bin/../lib64/gcc/x86_64-pc-linux-gnu/9.1.0/../../../../lib64/crti.o /bin/../lib64/gcc/x86_64-pc-linux-gnu/9.1.0/crtbeginS.o -L/bin/../lib64/gcc/x86_64-pc-linux-gnu/9.1.0 -L/bin/../lib64/gcc/x86_64-pc-linux-gnu/9.1.0/../../../../lib64 -L/usr/bin/../lib64 -L/lib/../lib64 -L/usr/lib/../lib64 -L/bin/../lib64/gcc/x86_64-pc-linux-gnu/9.1.0/../../.. -L/usr/bin/../lib -L/lib -L/usr/lib CMakeFiles/cmTC_9952b.dir/CMakeCCompilerABI.c.o -lgcc --as-needed -lgcc_s --no-as-needed -lc -lgcc --as-needed -lgcc_s --no-as-needed /bin/../lib64/gcc/x86_64-pc-linux-gnu/9.1.0/crtendS.o /bin/../lib64/gcc/x86_64-pc-linux-gnu/9.1.0/../../../../lib64/crtn.o]
    arg [/bin/ld] ==> ignore
    arg [-pie] ==> ignore
    arg [--eh-frame-hdr] ==> ignore
    arg [-m] ==> ignore
    arg [elf_x86_64] ==> ignore
    arg [-dynamic-linker] ==> ignore
    arg [/lib64/ld-linux-x86-64.so.2] ==> ignore
    arg [-o] ==> ignore
    arg [cmTC_9952b] ==> ignore
    arg [/bin/../lib64/gcc/x86_64-pc-linux-gnu/9.1.0/../../../../lib64/Scrt1.o] ==> ignore
    arg [/bin/../lib64/gcc/x86_64-pc-linux-gnu/9.1.0/../../../../lib64/crti.o] ==> ignore
    arg [/bin/../lib64/gcc/x86_64-pc-linux-gnu/9.1.0/crtbeginS.o] ==> ignore
    arg [-L/bin/../lib64/gcc/x86_64-pc-linux-gnu/9.1.0] ==> dir [/bin/../lib64/gcc/x86_64-pc-linux-gnu/9.1.0]
    arg [-L/bin/../lib64/gcc/x86_64-pc-linux-gnu/9.1.0/../../../../lib64] ==> dir [/bin/../lib64/gcc/x86_64-pc-linux-gnu/9.1.0/../../../../lib64]
    arg [-L/usr/bin/../lib64] ==> dir [/usr/bin/../lib64]
    arg [-L/lib/../lib64] ==> dir [/lib/../lib64]
    arg [-L/usr/lib/../lib64] ==> dir [/usr/lib/../lib64]
    arg [-L/bin/../lib64/gcc/x86_64-pc-linux-gnu/9.1.0/../../..] ==> dir [/bin/../lib64/gcc/x86_64-pc-linux-gnu/9.1.0/../../..]
    arg [-L/usr/bin/../lib] ==> dir [/usr/bin/../lib]
    arg [-L/lib] ==> dir [/lib]
    arg [-L/usr/lib] ==> dir [/usr/lib]
    arg [CMakeFiles/cmTC_9952b.dir/CMakeCCompilerABI.c.o] ==> ignore
    arg [-lgcc] ==> lib [gcc]
    arg [--as-needed] ==> ignore
    arg [-lgcc_s] ==> lib [gcc_s]
    arg [--no-as-needed] ==> ignore
    arg [-lc] ==> lib [c]
    arg [-lgcc] ==> lib [gcc]
    arg [--as-needed] ==> ignore
    arg [-lgcc_s] ==> lib [gcc_s]
    arg [--no-as-needed] ==> ignore
    arg [/bin/../lib64/gcc/x86_64-pc-linux-gnu/9.1.0/crtendS.o] ==> ignore
    arg [/bin/../lib64/gcc/x86_64-pc-linux-gnu/9.1.0/../../../../lib64/crtn.o] ==> ignore
  collapse library dir [/bin/../lib64/gcc/x86_64-pc-linux-gnu/9.1.0] ==> [/lib64/gcc/x86_64-pc-linux-gnu/9.1.0]
  collapse library dir [/bin/../lib64/gcc/x86_64-pc-linux-gnu/9.1.0/../../../../lib64] ==> [/lib64]
  collapse library dir [/usr/bin/../lib64] ==> [/usr/lib64]
  collapse library dir [/lib/../lib64] ==> [/lib64]
  collapse library dir [/usr/lib/../lib64] ==> [/usr/lib64]
  collapse library dir [/bin/../lib64/gcc/x86_64-pc-linux-gnu/9.1.0/../../..] ==> [/lib64]
  collapse library dir [/usr/bin/../lib] ==> [/usr/lib]
  collapse library dir [/lib] ==> [/lib]
  collapse library dir [/usr/lib] ==> [/usr/lib]
  implicit libs: [gcc;gcc_s;c;gcc;gcc_s]
  implicit dirs: [/lib64/gcc/x86_64-pc-linux-gnu/9.1.0;/lib64;/usr/lib64;/usr/lib;/lib]
  implicit fwks: []


Determining if the CXX compiler works passed with the following output:
Change Dir: /home/randy/Downloads/GameFromScra(p)tch/src/build/CMakeFiles/CMakeTmp

Run Build Command(s):/usr/bin/ninja cmTC_c5c7e && [1/2] Building CXX object CMakeFiles/cmTC_c5c7e.dir/testCXXCompiler.cxx.o
[2/2] Linking CXX executable cmTC_c5c7e



Detecting CXX compiler ABI info compiled with the following output:
Change Dir: /home/randy/Downloads/GameFromScra(p)tch/src/build/CMakeFiles/CMakeTmp

Run Build Command(s):/usr/bin/ninja cmTC_54bd9 && [1/2] Building CXX object CMakeFiles/cmTC_54bd9.dir/CMakeCXXCompilerABI.cpp.o
Using built-in specs.
COLLECT_GCC=/bin/c++
Target: x86_64-pc-linux-gnu
Configured with: /build/gcc/src/gcc/configure --prefix=/usr --libdir=/usr/lib --libexecdir=/usr/lib --mandir=/usr/share/man --infodir=/usr/share/info --with-bugurl=https://bugs.archlinux.org/ --enable-languages=c,c++,ada,fortran,go,lto,objc,obj-c++ --enable-shared --enable-threads=posix --with-system-zlib --with-isl --enable-__cxa_atexit --disable-libunwind-exceptions --enable-clocale=gnu --disable-libstdcxx-pch --disable-libssp --enable-gnu-unique-object --enable-linker-build-id --enable-lto --enable-plugin --enable-install-libiberty --with-linker-hash-style=gnu --enable-gnu-indirect-function --enable-multilib --disable-werror --enable-checking=release --enable-default-pie --enable-default-ssp --enable-cet=auto
Thread model: posix
gcc version 9.1.0 (GCC) 
COLLECT_GCC_OPTIONS='-v' '-o' 'CMakeFiles/cmTC_54bd9.dir/CMakeCXXCompilerABI.cpp.o' '-c' '-shared-libgcc' '-mtune=generic' '-march=x86-64'
 /usr/lib/gcc/x86_64-pc-linux-gnu/9.1.0/cc1plus -quiet -v -D_GNU_SOURCE /usr/share/cmake-3.15/Modules/CMakeCXXCompilerABI.cpp -quiet -dumpbase CMakeCXXCompilerABI.cpp -mtune=generic -march=x86-64 -auxbase-strip CMakeFiles/cmTC_54bd9.dir/CMakeCXXCompilerABI.cpp.o -version -o /tmp/cc2ayNCl.s
GNU C++14 (GCC) version 9.1.0 (x86_64-pc-linux-gnu)
	compiled by GNU C version 9.1.0, GMP version 6.1.2, MPFR version 4.0.2, MPC version 1.1.0, isl version isl-0.21-GMP

GGC heuristics: --param ggc-min-expand=100 --param ggc-min-heapsize=131072
ignoring nonexistent directory "/usr/lib/gcc/x86_64-pc-linux-gnu/9.1.0/../../../../x86_64-pc-linux-gnu/include"
#include "..." search starts here:
#include <...> search starts here:
 /usr/lib/gcc/x86_64-pc-linux-gnu/9.1.0/../../../../include/c++/9.1.0
 /usr/lib/gcc/x86_64-pc-linux-gnu/9.1.0/../../../../include/c++/9.1.0/x86_64-pc-linux-gnu
 /usr/lib/gcc/x86_64-pc-linux-gnu/9.1.0/../../../../include/c++/9.1.0/backward
 /usr/lib/gcc/x86_64-pc-linux-gnu/9.1.0/include
 /usr/local/include
 /usr/lib/gcc/x86_64-pc-linux-gnu/9.1.0/include-fixed
 /usr/include
End of search list.
GNU C++14 (GCC) version 9.1.0 (x86_64-pc-linux-gnu)
	compiled by GNU C version 9.1.0, GMP version 6.1.2, MPFR version 4.0.2, MPC version 1.1.0, isl version isl-0.21-GMP

GGC heuristics: --param ggc-min-expand=100 --param ggc-min-heapsize=131072
Compiler executable checksum: 651b755a2ab2663904afb50163356b15
COLLECT_GCC_OPTIONS='-v' '-o' 'CMakeFiles/cmTC_54bd9.dir/CMakeCXXCompilerABI.cpp.o' '-c' '-shared-libgcc' '-mtune=generic' '-march=x86-64'
 as -v --64 -o CMakeFiles/cmTC_54bd9.dir/CMakeCXXCompilerABI.cpp.o /tmp/cc2ayNCl.s
GNU assembler version 2.32 (x86_64-pc-linux-gnu) using BFD version (GNU Binutils) 2.32
COMPILER_PATH=/usr/lib/gcc/x86_64-pc-linux-gnu/9.1.0/:/usr/lib/gcc/x86_64-pc-linux-gnu/9.1.0/:/usr/lib/gcc/x86_64-pc-linux-gnu/:/usr/lib/gcc/x86_64-pc-linux-gnu/9.1.0/:/usr/lib/gcc/x86_64-pc-linux-gnu/
LIBRARY_PATH=/usr/lib/gcc/x86_64-pc-linux-gnu/9.1.0/:/usr/lib/gcc/x86_64-pc-linux-gnu/9.1.0/../../../../lib/:/lib/../lib/:/usr/lib/../lib/:/usr/lib/gcc/x86_64-pc-linux-gnu/9.1.0/../../../:/lib/:/usr/lib/
COLLECT_GCC_OPTIONS='-v' '-o' 'CMakeFiles/cmTC_54bd9.dir/CMakeCXXCompilerABI.cpp.o' '-c' '-shared-libgcc' '-mtune=generic' '-march=x86-64'
[2/2] Linking CXX executable cmTC_54bd9
Using built-in specs.
COLLECT_GCC=/bin/c++
COLLECT_LTO_WRAPPER=/usr/lib/gcc/x86_64-pc-linux-gnu/9.1.0/lto-wrapper
Target: x86_64-pc-linux-gnu
Configured with: /build/gcc/src/gcc/configure --prefix=/usr --libdir=/usr/lib --libexecdir=/usr/lib --mandir=/usr/share/man --infodir=/usr/share/info --with-bugurl=https://bugs.archlinux.org/ --enable-languages=c,c++,ada,fortran,go,lto,objc,obj-c++ --enable-shared --enable-threads=posix --with-system-zlib --with-isl --enable-__cxa_atexit --disable-libunwind-exceptions --enable-clocale=gnu --disable-libstdcxx-pch --disable-libssp --enable-gnu-unique-object --enable-linker-build-id --enable-lto --enable-plugin --enable-install-libiberty --with-linker-hash-style=gnu --enable-gnu-indirect-function --enable-multilib --disable-werror --enable-checking=release --enable-default-pie --enable-default-ssp --enable-cet=auto
Thread model: posix
gcc version 9.1.0 (GCC) 
COMPILER_PATH=/usr/lib/gcc/x86_64-pc-linux-gnu/9.1.0/:/usr/lib/gcc/x86_64-pc-linux-gnu/9.1.0/:/usr/lib/gcc/x86_64-pc-linux-gnu/:/usr/lib/gcc/x86_64-pc-linux-gnu/9.1.0/:/usr/lib/gcc/x86_64-pc-linux-gnu/
LIBRARY_PATH=/usr/lib/gcc/x86_64-pc-linux-gnu/9.1.0/:/usr/lib/gcc/x86_64-pc-linux-gnu/9.1.0/../../../../lib/:/lib/../lib/:/usr/lib/../lib/:/usr/lib/gcc/x86_64-pc-linux-gnu/9.1.0/../../../:/lib/:/usr/lib/
COLLECT_GCC_OPTIONS='-v' '-o' 'cmTC_54bd9' '-shared-libgcc' '-mtune=generic' '-march=x86-64'
 /usr/lib/gcc/x86_64-pc-linux-gnu/9.1.0/collect2 -plugin /usr/lib/gcc/x86_64-pc-linux-gnu/9.1.0/liblto_plugin.so -plugin-opt=/usr/lib/gcc/x86_64-pc-linux-gnu/9.1.0/lto-wrapper -plugin-opt=-fresolution=/tmp/ccYTxBuo.res -plugin-opt=-pass-through=-lgcc_s -plugin-opt=-pass-through=-lgcc -plugin-opt=-pass-through=-lc -plugin-opt=-pass-through=-lgcc_s -plugin-opt=-pass-through=-lgcc --build-id --eh-frame-hdr --hash-style=gnu -m elf_x86_64 -dynamic-linker /lib64/ld-linux-x86-64.so.2 -pie -o cmTC_54bd9 /usr/lib/gcc/x86_64-pc-linux-gnu/9.1.0/../../../../lib/Scrt1.o /usr/lib/gcc/x86_64-pc-linux-gnu/9.1.0/../../../../lib/crti.o /usr/lib/gcc/x86_64-pc-linux-gnu/9.1.0/crtbeginS.o -L/usr/lib/gcc/x86_64-pc-linux-gnu/9.1.0 -L/usr/lib/gcc/x86_64-pc-linux-gnu/9.1.0/../../../../lib -L/lib/../lib -L/usr/lib/../lib -L/usr/lib/gcc/x86_64-pc-linux-gnu/9.1.0/../../.. CMakeFiles/cmTC_54bd9.dir/CMakeCXXCompilerABI.cpp.o -lstdc++ -lm -lgcc_s -lgcc -lc -lgcc_s -lgcc /usr/lib/gcc/x86_64-pc-linux-gnu/9.1.0/crtendS.o /usr/lib/gcc/x86_64-pc-linux-gnu/9.1.0/../../../../lib/crtn.o
COLLECT_GCC_OPTIONS='-v' '-o' 'cmTC_54bd9' '-shared-libgcc' '-mtune=generic' '-march=x86-64'



Parsed CXX implicit include dir info from above output: rv=done
  found start of include info
  found start of implicit include info
    add: [/usr/lib/gcc/x86_64-pc-linux-gnu/9.1.0/../../../../include/c++/9.1.0]
    add: [/usr/lib/gcc/x86_64-pc-linux-gnu/9.1.0/../../../../include/c++/9.1.0/x86_64-pc-linux-gnu]
    add: [/usr/lib/gcc/x86_64-pc-linux-gnu/9.1.0/../../../../include/c++/9.1.0/backward]
    add: [/usr/lib/gcc/x86_64-pc-linux-gnu/9.1.0/include]
    add: [/usr/local/include]
    add: [/usr/lib/gcc/x86_64-pc-linux-gnu/9.1.0/include-fixed]
    add: [/usr/include]
  end of search list found
  collapse include dir [/usr/lib/gcc/x86_64-pc-linux-gnu/9.1.0/../../../../include/c++/9.1.0] ==> [/usr/include/c++/9.1.0]
  collapse include dir [/usr/lib/gcc/x86_64-pc-linux-gnu/9.1.0/../../../../include/c++/9.1.0/x86_64-pc-linux-gnu] ==> [/usr/include/c++/9.1.0/x86_64-pc-linux-gnu]
  collapse include dir [/usr/lib/gcc/x86_64-pc-linux-gnu/9.1.0/../../../../include/c++/9.1.0/backward] ==> [/usr/include/c++/9.1.0/backward]
  collapse include dir [/usr/lib/gcc/x86_64-pc-linux-gnu/9.1.0/include] ==> [/usr/lib/gcc/x86_64-pc-linux-gnu/9.1.0/include]
  collapse include dir [/usr/local/include] ==> [/usr/local/include]
  collapse include dir [/usr/lib/gcc/x86_64-pc-linux-gnu/9.1.0/include-fixed] ==> [/usr/lib/gcc/x86_64-pc-linux-gnu/9.1.0/include-fixed]
  collapse include dir [/usr/include] ==> [/usr/include]
  implicit include dirs: [/usr/include/c++/9.1.0;/usr/include/c++/9.1.0/x86_64-pc-linux-gnu;/usr/include/c++/9.1.0/backward;/usr/lib/gcc/x86_64-pc-linux-gnu/9.1.0/include;/usr/local/include;/usr/lib/gcc/x86_64-pc-linux-gnu/9.1.0/include-fixed;/usr/include]


Parsed CXX implicit link information from above output:
  link line regex: [^( *|.*[/\])(ld|CMAKE_LINK_STARTFILE-NOTFOUND|([^/\]+-)?ld|collect2)[^/\]*( |$)]
  ignore line: [Change Dir: /home/randy/Downloads/GameFromScra(p)tch/src/build/CMakeFiles/CMakeTmp]
  ignore line: []
  ignore line: [Run Build Command(s):/usr/bin/ninja cmTC_54bd9 && [1/2] Building CXX object CMakeFiles/cmTC_54bd9.dir/CMakeCXXCompilerABI.cpp.o]
  ignore line: [Using built-in specs.]
  ignore line: [COLLECT_GCC=/bin/c++]
  ignore line: [Target: x86_64-pc-linux-gnu]
  ignore line: [Configured with: /build/gcc/src/gcc/configure --prefix=/usr --libdir=/usr/lib --libexecdir=/usr/lib --mandir=/usr/share/man --infodir=/usr/share/info --with-bugurl=https://bugs.archlinux.org/ --enable-languages=c,c++,ada,fortran,go,lto,objc,obj-c++ --enable-shared --enable-threads=posix --with-system-zlib --with-isl --enable-__cxa_atexit --disable-libunwind-exceptions --enable-clocale=gnu --disable-libstdcxx-pch --disable-libssp --enable-gnu-unique-object --enable-linker-build-id --enable-lto --enable-plugin --enable-install-libiberty --with-linker-hash-style=gnu --enable-gnu-indirect-function --enable-multilib --disable-werror --enable-checking=release --enable-default-pie --enable-default-ssp --enable-cet=auto]
  ignore line: [Thread model: posix]
  ignore line: [gcc version 9.1.0 (GCC) ]
  ignore line: [COLLECT_GCC_OPTIONS='-v' '-o' 'CMakeFiles/cmTC_54bd9.dir/CMakeCXXCompilerABI.cpp.o' '-c' '-shared-libgcc' '-mtune=generic' '-march=x86-64']
  ignore line: [ /usr/lib/gcc/x86_64-pc-linux-gnu/9.1.0/cc1plus -quiet -v -D_GNU_SOURCE /usr/share/cmake-3.15/Modules/CMakeCXXCompilerABI.cpp -quiet -dumpbase CMakeCXXCompilerABI.cpp -mtune=generic -march=x86-64 -auxbase-strip CMakeFiles/cmTC_54bd9.dir/CMakeCXXCompilerABI.cpp.o -version -o /tmp/cc2ayNCl.s]
  ignore line: [GNU C++14 (GCC) version 9.1.0 (x86_64-pc-linux-gnu)]
  ignore line: [	compiled by GNU C version 9.1.0, GMP version 6.1.2, MPFR version 4.0.2, MPC version 1.1.0, isl version isl-0.21-GMP]
  ignore line: []
  ignore line: [GGC heuristics: --param ggc-min-expand=100 --param ggc-min-heapsize=131072]
  ignore line: [ignoring nonexistent directory "/usr/lib/gcc/x86_64-pc-linux-gnu/9.1.0/../../../../x86_64-pc-linux-gnu/include"]
  ignore line: [#include "..." search starts here:]
  ignore line: [#include <...> search starts here:]
  ignore line: [ /usr/lib/gcc/x86_64-pc-linux-gnu/9.1.0/../../../../include/c++/9.1.0]
  ignore line: [ /usr/lib/gcc/x86_64-pc-linux-gnu/9.1.0/../../../../include/c++/9.1.0/x86_64-pc-linux-gnu]
  ignore line: [ /usr/lib/gcc/x86_64-pc-linux-gnu/9.1.0/../../../../include/c++/9.1.0/backward]
  ignore line: [ /usr/lib/gcc/x86_64-pc-linux-gnu/9.1.0/include]
  ignore line: [ /usr/local/include]
  ignore line: [ /usr/lib/gcc/x86_64-pc-linux-gnu/9.1.0/include-fixed]
  ignore line: [ /usr/include]
  ignore line: [End of search list.]
  ignore line: [GNU C++14 (GCC) version 9.1.0 (x86_64-pc-linux-gnu)]
  ignore line: [	compiled by GNU C version 9.1.0, GMP version 6.1.2, MPFR version 4.0.2, MPC version 1.1.0, isl version isl-0.21-GMP]
  ignore line: []
  ignore line: [GGC heuristics: --param ggc-min-expand=100 --param ggc-min-heapsize=131072]
  ignore line: [Compiler executable checksum: 651b755a2ab2663904afb50163356b15]
  ignore line: [COLLECT_GCC_OPTIONS='-v' '-o' 'CMakeFiles/cmTC_54bd9.dir/CMakeCXXCompilerABI.cpp.o' '-c' '-shared-libgcc' '-mtune=generic' '-march=x86-64']
  ignore line: [ as -v --64 -o CMakeFiles/cmTC_54bd9.dir/CMakeCXXCompilerABI.cpp.o /tmp/cc2ayNCl.s]
  ignore line: [GNU assembler version 2.32 (x86_64-pc-linux-gnu) using BFD version (GNU Binutils) 2.32]
  ignore line: [COMPILER_PATH=/usr/lib/gcc/x86_64-pc-linux-gnu/9.1.0/:/usr/lib/gcc/x86_64-pc-linux-gnu/9.1.0/:/usr/lib/gcc/x86_64-pc-linux-gnu/:/usr/lib/gcc/x86_64-pc-linux-gnu/9.1.0/:/usr/lib/gcc/x86_64-pc-linux-gnu/]
  ignore line: [LIBRARY_PATH=/usr/lib/gcc/x86_64-pc-linux-gnu/9.1.0/:/usr/lib/gcc/x86_64-pc-linux-gnu/9.1.0/../../../../lib/:/lib/../lib/:/usr/lib/../lib/:/usr/lib/gcc/x86_64-pc-linux-gnu/9.1.0/../../../:/lib/:/usr/lib/]
  ignore line: [COLLECT_GCC_OPTIONS='-v' '-o' 'CMakeFiles/cmTC_54bd9.dir/CMakeCXXCompilerABI.cpp.o' '-c' '-shared-libgcc' '-mtune=generic' '-march=x86-64']
  ignore line: [[2/2] Linking CXX executable cmTC_54bd9]
  ignore line: [Using built-in specs.]
  ignore line: [COLLECT_GCC=/bin/c++]
  ignore line: [COLLECT_LTO_WRAPPER=/usr/lib/gcc/x86_64-pc-linux-gnu/9.1.0/lto-wrapper]
  ignore line: [Target: x86_64-pc-linux-gnu]
  ignore line: [Configured with: /build/gcc/src/gcc/configure --prefix=/usr --libdir=/usr/lib --libexecdir=/usr/lib --mandir=/usr/share/man --infodir=/usr/share/info --with-bugurl=https://bugs.archlinux.org/ --enable-languages=c,c++,ada,fortran,go,lto,objc,obj-c++ --enable-shared --enable-threads=posix --with-system-zlib --with-isl --enable-__cxa_atexit --disable-libunwind-exceptions --enable-clocale=gnu --disable-libstdcxx-pch --disable-libssp --enable-gnu-unique-object --enable-linker-build-id --enable-lto --enable-plugin --enable-install-libiberty --with-linker-hash-style=gnu --enable-gnu-indirect-function --enable-multilib --disable-werror --enable-checking=release --enable-default-pie --enable-default-ssp --enable-cet=auto]
  ignore line: [Thread model: posix]
  ignore line: [gcc version 9.1.0 (GCC) ]
  ignore line: [COMPILER_PATH=/usr/lib/gcc/x86_64-pc-linux-gnu/9.1.0/:/usr/lib/gcc/x86_64-pc-linux-gnu/9.1.0/:/usr/lib/gcc/x86_64-pc-linux-gnu/:/usr/lib/gcc/x86_64-pc-linux-gnu/9.1.0/:/usr/lib/gcc/x86_64-pc-linux-gnu/]
  ignore line: [LIBRARY_PATH=/usr/lib/gcc/x86_64-pc-linux-gnu/9.1.0/:/usr/lib/gcc/x86_64-pc-linux-gnu/9.1.0/../../../../lib/:/lib/../lib/:/usr/lib/../lib/:/usr/lib/gcc/x86_64-pc-linux-gnu/9.1.0/../../../:/lib/:/usr/lib/]
  ignore line: [COLLECT_GCC_OPTIONS='-v' '-o' 'cmTC_54bd9' '-shared-libgcc' '-mtune=generic' '-march=x86-64']
  link line: [ /usr/lib/gcc/x86_64-pc-linux-gnu/9.1.0/collect2 -plugin /usr/lib/gcc/x86_64-pc-linux-gnu/9.1.0/liblto_plugin.so -plugin-opt=/usr/lib/gcc/x86_64-pc-linux-gnu/9.1.0/lto-wrapper -plugin-opt=-fresolution=/tmp/ccYTxBuo.res -plugin-opt=-pass-through=-lgcc_s -plugin-opt=-pass-through=-lgcc -plugin-opt=-pass-through=-lc -plugin-opt=-pass-through=-lgcc_s -plugin-opt=-pass-through=-lgcc --build-id --eh-frame-hdr --hash-style=gnu -m elf_x86_64 -dynamic-linker /lib64/ld-linux-x86-64.so.2 -pie -o cmTC_54bd9 /usr/lib/gcc/x86_64-pc-linux-gnu/9.1.0/../../../../lib/Scrt1.o /usr/lib/gcc/x86_64-pc-linux-gnu/9.1.0/../../../../lib/crti.o /usr/lib/gcc/x86_64-pc-linux-gnu/9.1.0/crtbeginS.o -L/usr/lib/gcc/x86_64-pc-linux-gnu/9.1.0 -L/usr/lib/gcc/x86_64-pc-linux-gnu/9.1.0/../../../../lib -L/lib/../lib -L/usr/lib/../lib -L/usr/lib/gcc/x86_64-pc-linux-gnu/9.1.0/../../.. CMakeFiles/cmTC_54bd9.dir/CMakeCXXCompilerABI.cpp.o -lstdc++ -lm -lgcc_s -lgcc -lc -lgcc_s -lgcc /usr/lib/gcc/x86_64-pc-linux-gnu/9.1.0/crtendS.o /usr/lib/gcc/x86_64-pc-linux-gnu/9.1.0/../../../../lib/crtn.o]
    arg [/usr/lib/gcc/x86_64-pc-linux-gnu/9.1.0/collect2] ==> ignore
    arg [-plugin] ==> ignore
    arg [/usr/lib/gcc/x86_64-pc-linux-gnu/9.1.0/liblto_plugin.so] ==> ignore
    arg [-plugin-opt=/usr/lib/gcc/x86_64-pc-linux-gnu/9.1.0/lto-wrapper] ==> ignore
    arg [-plugin-opt=-fresolution=/tmp/ccYTxBuo.res] ==> ignore
    arg [-plugin-opt=-pass-through=-lgcc_s] ==> ignore
    arg [-plugin-opt=-pass-through=-lgcc] ==> ignore
    arg [-plugin-opt=-pass-through=-lc] ==> ignore
    arg [-plugin-opt=-pass-through=-lgcc_s] ==> ignore
    arg [-plugin-opt=-pass-through=-lgcc] ==> ignore
    arg [--build-id] ==> ignore
    arg [--eh-frame-hdr] ==> ignore
    arg [--hash-style=gnu] ==> ignore
    arg [-m] ==> ignore
    arg [elf_x86_64] ==> ignore
    arg [-dynamic-linker] ==> ignore
    arg [/lib64/ld-linux-x86-64.so.2] ==> ignore
    arg [-pie] ==> ignore
    arg [-o] ==> ignore
    arg [cmTC_54bd9] ==> ignore
    arg [/usr/lib/gcc/x86_64-pc-linux-gnu/9.1.0/../../../../lib/Scrt1.o] ==> ignore
    arg [/usr/lib/gcc/x86_64-pc-linux-gnu/9.1.0/../../../../lib/crti.o] ==> ignore
    arg [/usr/lib/gcc/x86_64-pc-linux-gnu/9.1.0/crtbeginS.o] ==> ignore
    arg [-L/usr/lib/gcc/x86_64-pc-linux-gnu/9.1.0] ==> dir [/usr/lib/gcc/x86_64-pc-linux-gnu/9.1.0]
    arg [-L/usr/lib/gcc/x86_64-pc-linux-gnu/9.1.0/../../../../lib] ==> dir [/usr/lib/gcc/x86_64-pc-linux-gnu/9.1.0/../../../../lib]
    arg [-L/lib/../lib] ==> dir [/lib/../lib]
    arg [-L/usr/lib/../lib] ==> dir [/usr/lib/../lib]
    arg [-L/usr/lib/gcc/x86_64-pc-linux-gnu/9.1.0/../../..] ==> dir [/usr/lib/gcc/x86_64-pc-linux-gnu/9.1.0/../../..]
    arg [CMakeFiles/cmTC_54bd9.dir/CMakeCXXCompilerABI.cpp.o] ==> ignore
    arg [-lstdc++] ==> lib [stdc++]
    arg [-lm] ==> lib [m]
    arg [-lgcc_s] ==> lib [gcc_s]
    arg [-lgcc] ==> lib [gcc]
    arg [-lc] ==> lib [c]
    arg [-lgcc_s] ==> lib [gcc_s]
    arg [-lgcc] ==> lib [gcc]
    arg [/usr/lib/gcc/x86_64-pc-linux-gnu/9.1.0/crtendS.o] ==> ignore
    arg [/usr/lib/gcc/x86_64-pc-linux-gnu/9.1.0/../../../../lib/crtn.o] ==> ignore
  collapse library dir [/usr/lib/gcc/x86_64-pc-linux-gnu/9.1.0] ==> [/usr/lib/gcc/x86_64-pc-linux-gnu/9.1.0]
  collapse library dir [/usr/lib/gcc/x86_64-pc-linux-gnu/9.1.0/../../../../lib] ==> [/usr/lib]
  collapse library dir [/lib/../lib] ==> [/lib]
  collapse library dir [/usr/lib/../lib] ==> [/usr/lib]
  collapse library dir [/usr/lib/gcc/x86_64-pc-linux-gnu/9.1.0/../../..] ==> [/usr/lib]
  implicit libs: [stdc++;m;gcc_s;gcc;c;gcc_s;gcc]
  implicit dirs: [/usr/lib/gcc/x86_64-pc-linux-gnu/9.1.0;/usr/lib;/lib]
  implicit fwks: []


